<?xml version="1.0" encoding="UTF-8"?>
<testng-results skipped="0" failed="0" ignored="1" total="2" passed="1">
  <reporter-output>
  </reporter-output>
  <suite name="Suite" duration-ms="38731" started-at="2021-09-03T12:49:55 IST" finished-at="2021-09-03T12:50:34 IST">
    <groups>
    </groups>
    <test name="Test" duration-ms="38731" started-at="2021-09-03T12:49:55 IST" finished-at="2021-09-03T12:50:34 IST">
      <class name="com.nopEcommerce.TestCase1">
        <test-method status="PASS" signature="loginTest()[pri:0, instance:com.nopEcommerce.TestCase1@5f2108b5]" name="loginTest" duration-ms="38592" started-at="2021-09-03T12:49:55 IST" finished-at="2021-09-03T12:50:34 IST">
          <reporter-output>
          </reporter-output>
        </test-method> <!-- loginTest -->
      </class> <!-- com.nopEcommerce.TestCase1 -->
    </test> <!-- Test -->
  </suite> <!-- Suite -->
</testng-results>
